# JRE version: OpenJDK Runtime Environment Temurin-21.0.9+10 (21.0.9+10) (build 21.0.9+10-LTS)
# Java VM: OpenJDK 64-Bit Server VM Temurin-21.0.9+10 (21.0.9+10-LTS, mixed mode, sharing, tiered, compressed oops, compressed class ptrs, parallel gc, windows-amd64)
GC Precious Log:
 CardTable entry size: 512
 CPUs: 8 total, 8 available
 Memory: 16145M
 Large Page Support: Disabled
 NUMA Support: Disabled
 Compressed Oops: Enabled (32-bit)
 Alignments: Space 512K, Generation 512K, Heap 2M
 Heap Min Capacity: 100M
 Heap Initial Capacity: 100M
 Heap Max Capacity: 2G
 Pre-touch: Disabled
 Parallel Workers: 8
Heap:
 PSYoungGen      total 2048K, used 1171K [0x00000000d5580000, 0x00000000d5900000, 0x0000000100000000)
  eden space 1536K, 57% used [0x00000000d5580000,0x00000000d565ce60,0x00000000d5700000)
  from space 512K, 56% used [0x00000000d5880000,0x00000000d58c8000,0x00000000d5900000)
  to   space 512K, 0% used [0x00000000d5800000,0x00000000d5800000,0x00000000d5880000)
 ParOldGen       total 230400K, used 230199K [0x0000000080000000, 0x000000008e100000, 0x00000000d5580000)
  object space 230400K, 99% used [0x0000000080000000,0x000000008e0cdcf8,0x000000008e100000)
 Metaspace       used 78871K, committed 80448K, reserved 1179648K
  class space    used 8858K, committed 9536K, reserved 1048576K
GC Heap History (20 events):
Event: 2803.042 GC heap before
{Heap before GC invocations=284 (full 3):
 PSYoungGen      total 1024K, used 895K [0x00000000d5580000, 0x00000000d5900000, 0x0000000100000000)
  eden space 512K, 99% used [0x00000000d5580000,0x00000000d55ffff0,0x00000000d5600000)
  from space 512K, 75% used [0x00000000d5880000,0x00000000d58e0000,0x00000000d5900000)
  to   space 1024K, 0% used [0x00000000d5700000,0x00000000d5700000,0x00000000d5800000)
 ParOldGen       total 228352K, used 228310K [0x0000000080000000, 0x000000008df00000, 0x00000000d5580000)
  object space 228352K, 99% used [0x0000000080000000,0x000000008def5898,0x000000008df00000)
 Metaspace       used 78832K, committed 80384K, reserved 1179648K
  class space    used 8858K, committed 9536K, reserved 1048576K
}
Event: 2803.043 GC heap after
{Heap after GC invocations=284 (full 3):
 PSYoungGen      total 2560K, used 160K [0x00000000d5580000, 0x00000000d5900000, 0x0000000100000000)
  eden space 1536K, 0% used [0x00000000d5580000,0x00000000d5580000,0x00000000d5700000)
  from space 1024K, 15% used [0x00000000d5700000,0x00000000d5728000,0x00000000d5800000)
  to   space 512K, 0% used [0x00000000d5880000,0x00000000d5880000,0x00000000d5900000)
 ParOldGen       total 228864K, used 228558K [0x0000000080000000, 0x000000008df80000, 0x00000000d5580000)
  object space 228864K, 99% used [0x0000000080000000,0x000000008df33898,0x000000008df80000)
 Metaspace       used 78832K, committed 80384K, reserved 1179648K
  class space    used 8858K, committed 9536K, reserved 1048576K
}
Event: 2803.394 GC heap before
{Heap before GC invocations=285 (full 3):
 PSYoungGen      total 2560K, used 1695K [0x00000000d5580000, 0x00000000d5900000, 0x0000000100000000)
  eden space 1536K, 99% used [0x00000000d5580000,0x00000000d56ffff0,0x00000000d5700000)
  from space 1024K, 15% used [0x00000000d5700000,0x00000000d5728000,0x00000000d5800000)
  to   space 512K, 0% used [0x00000000d5880000,0x00000000d5880000,0x00000000d5900000)
 ParOldGen       total 228864K, used 228558K [0x0000000080000000, 0x000000008df80000, 0x00000000d5580000)
  object space 228864K, 99% used [0x0000000080000000,0x000000008df33898,0x000000008df80000)
 Metaspace       used 78835K, committed 80384K, reserved 1179648K
  class space    used 8858K, committed 9536K, reserved 1048576K
}
Event: 2803.394 GC heap after
{Heap after GC invocations=285 (full 3):
 PSYoungGen      total 2048K, used 346K [0x00000000d5580000, 0x00000000d5900000, 0x0000000100000000)
  eden space 1536K, 0% used [0x00000000d5580000,0x00000000d5580000,0x00000000d5700000)
  from space 512K, 67% used [0x00000000d5880000,0x00000000d58d6900,0x00000000d5900000)
  to   space 512K, 0% used [0x00000000d5800000,0x00000000d5800000,0x00000000d5880000)
 ParOldGen       total 228864K, used 228582K [0x0000000080000000, 0x000000008df80000, 0x00000000d5580000)
  object space 228864K, 99% used [0x0000000080000000,0x000000008df39898,0x000000008df80000)
 Metaspace       used 78835K, committed 80384K, reserved 1179648K
  class space    used 8858K, committed 9536K, reserved 1048576K
}
Event: 2803.397 GC heap before
{Heap before GC invocations=286 (full 3):
 PSYoungGen      total 2048K, used 1882K [0x00000000d5580000, 0x00000000d5900000, 0x0000000100000000)
  eden space 1536K, 100% used [0x00000000d5580000,0x00000000d5700000,0x00000000d5700000)
  from space 512K, 67% used [0x00000000d5880000,0x00000000d58d6900,0x00000000d5900000)
  to   space 512K, 0% used [0x00000000d5800000,0x00000000d5800000,0x00000000d5880000)
 ParOldGen       total 228864K, used 228582K [0x0000000080000000, 0x000000008df80000, 0x00000000d5580000)
  object space 228864K, 99% used [0x0000000080000000,0x000000008df39898,0x000000008df80000)
 Metaspace       used 78835K, committed 80384K, reserved 1179648K
  class space    used 8858K, committed 9536K, reserved 1048576K
}
Event: 2803.398 GC heap after
{Heap after GC invocations=286 (full 3):
 PSYoungGen      total 2048K, used 352K [0x00000000d5580000, 0x00000000d5900000, 0x0000000100000000)
  eden space 1536K, 0% used [0x00000000d5580000,0x00000000d5580000,0x00000000d5700000)
  from space 512K, 68% used [0x00000000d5800000,0x00000000d5858000,0x00000000d5880000)
  to   space 512K, 0% used [0x00000000d5880000,0x00000000d5880000,0x00000000d5900000)
 ParOldGen       total 228864K, used 228826K [0x0000000080000000, 0x000000008df80000, 0x00000000d5580000)
  object space 228864K, 99% used [0x0000000080000000,0x000000008df76aa8,0x000000008df80000)
 Metaspace       used 78835K, committed 80384K, reserved 1179648K
  class space    used 8858K, committed 9536K, reserved 1048576K
}
Event: 2803.408 GC heap before
{Heap before GC invocations=287 (full 3):
 PSYoungGen      total 2048K, used 1888K [0x00000000d5580000, 0x00000000d5900000, 0x0000000100000000)
  eden space 1536K, 100% used [0x00000000d5580000,0x00000000d5700000,0x00000000d5700000)
  from space 512K, 68% used [0x00000000d5800000,0x00000000d5858000,0x00000000d5880000)
  to   space 512K, 0% used [0x00000000d5880000,0x00000000d5880000,0x00000000d5900000)
 ParOldGen       total 228864K, used 228826K [0x0000000080000000, 0x000000008df80000, 0x00000000d5580000)
  object space 228864K, 99% used [0x0000000080000000,0x000000008df76aa8,0x000000008df80000)
 Metaspace       used 78835K, committed 80384K, reserved 1179648K
  class space    used 8858K, committed 9536K, reserved 1048576K
}
Event: 2803.408 GC heap after
{Heap after GC invocations=287 (full 3):
 PSYoungGen      total 2048K, used 352K [0x00000000d5580000, 0x00000000d5900000, 0x0000000100000000)
  eden space 1536K, 0% used [0x00000000d5580000,0x00000000d5580000,0x00000000d5700000)
  from space 512K, 68% used [0x00000000d5880000,0x00000000d58d8000,0x00000000d5900000)
  to   space 512K, 0% used [0x00000000d5800000,0x00000000d5800000,0x00000000d5880000)
 ParOldGen       total 229376K, used 229066K [0x0000000080000000, 0x000000008e000000, 0x00000000d5580000)
  object space 229376K, 99% used [0x0000000080000000,0x000000008dfb2aa8,0x000000008e000000)
 Metaspace       used 78835K, committed 80384K, reserved 1179648K
  class space    used 8858K, committed 9536K, reserved 1048576K
}
Event: 2803.422 GC heap before
{Heap before GC invocations=288 (full 3):
 PSYoungGen      total 2048K, used 1888K [0x00000000d5580000, 0x00000000d5900000, 0x0000000100000000)
  eden space 1536K, 100% used [0x00000000d5580000,0x00000000d5700000,0x00000000d5700000)
  from space 512K, 68% used [0x00000000d5880000,0x00000000d58d8000,0x00000000d5900000)
  to   space 512K, 0% used [0x00000000d5800000,0x00000000d5800000,0x00000000d5880000)
 ParOldGen       total 229376K, used 229066K [0x0000000080000000, 0x000000008e000000, 0x00000000d5580000)
  object space 229376K, 99% used [0x0000000080000000,0x000000008dfb2aa8,0x000000008e000000)
 Metaspace       used 78835K, committed 80384K, reserved 1179648K
  class space    used 8858K, committed 9536K, reserved 1048576K
}
Event: 2803.423 GC heap after
{Heap after GC invocations=288 (full 3):
 PSYoungGen      total 2048K, used 224K [0x00000000d5580000, 0x00000000d5900000, 0x0000000100000000)
  eden space 1536K, 0% used [0x00000000d5580000,0x00000000d5580000,0x00000000d5700000)
  from space 512K, 43% used [0x00000000d5800000,0x00000000d5838000,0x00000000d5880000)
  to   space 512K, 0% used [0x00000000d5880000,0x00000000d5880000,0x00000000d5900000)
 ParOldGen       total 229376K, used 229234K [0x0000000080000000, 0x000000008e000000, 0x00000000d5580000)
  object space 229376K, 99% used [0x0000000080000000,0x000000008dfdcaa8,0x000000008e000000)
 Metaspace       used 78835K, committed 80384K, reserved 1179648K
  class space    used 8858K, committed 9536K, reserved 1048576K
}
Event: 2803.430 GC heap before
{Heap before GC invocations=289 (full 3):
 PSYoungGen      total 2048K, used 1760K [0x00000000d5580000, 0x00000000d5900000, 0x0000000100000000)
  eden space 1536K, 100% used [0x00000000d5580000,0x00000000d5700000,0x00000000d5700000)
  from space 512K, 43% used [0x00000000d5800000,0x00000000d5838000,0x00000000d5880000)
  to   space 512K, 0% used [0x00000000d5880000,0x00000000d5880000,0x00000000d5900000)
 ParOldGen       total 229376K, used 229234K [0x0000000080000000, 0x000000008e000000, 0x00000000d5580000)
  object space 229376K, 99% used [0x0000000080000000,0x000000008dfdcaa8,0x000000008e000000)
 Metaspace       used 78836K, committed 80384K, reserved 1179648K
  class space    used 8858K, committed 9536K, reserved 1048576K
}
Event: 2803.431 GC heap after
{Heap after GC invocations=289 (full 3):
 PSYoungGen      total 2048K, used 404K [0x00000000d5580000, 0x00000000d5900000, 0x0000000100000000)
  eden space 1536K, 0% used [0x00000000d5580000,0x00000000d5580000,0x00000000d5700000)
  from space 512K, 79% used [0x00000000d5880000,0x00000000d58e5200,0x00000000d5900000)
  to   space 512K, 0% used [0x00000000d5800000,0x00000000d5800000,0x00000000d5880000)
 ParOldGen       total 229376K, used 229370K [0x0000000080000000, 0x000000008e000000, 0x00000000d5580000)
  object space 229376K, 99% used [0x0000000080000000,0x000000008dffeac8,0x000000008e000000)
 Metaspace       used 78836K, committed 80384K, reserved 1179648K
  class space    used 8858K, committed 9536K, reserved 1048576K
}
Event: 2803.433 GC heap before
{Heap before GC invocations=290 (full 3):
 PSYoungGen      total 2048K, used 1940K [0x00000000d5580000, 0x00000000d5900000, 0x0000000100000000)
  eden space 1536K, 100% used [0x00000000d5580000,0x00000000d5700000,0x00000000d5700000)
  from space 512K, 79% used [0x00000000d5880000,0x00000000d58e5200,0x00000000d5900000)
  to   space 512K, 0% used [0x00000000d5800000,0x00000000d5800000,0x00000000d5880000)
 ParOldGen       total 229376K, used 229370K [0x0000000080000000, 0x000000008e000000, 0x00000000d5580000)
  object space 229376K, 99% used [0x0000000080000000,0x000000008dffeac8,0x000000008e000000)
 Metaspace       used 78836K, committed 80384K, reserved 1179648K
  class space    used 8858K, committed 9536K, reserved 1048576K
}
Event: 2803.434 GC heap after
{Heap after GC invocations=290 (full 3):
 PSYoungGen      total 2048K, used 416K [0x00000000d5580000, 0x00000000d5900000, 0x0000000100000000)
  eden space 1536K, 0% used [0x00000000d5580000,0x00000000d5580000,0x00000000d5700000)
  from space 512K, 81% used [0x00000000d5800000,0x00000000d5868000,0x00000000d5880000)
  to   space 512K, 0% used [0x00000000d5880000,0x00000000d5880000,0x00000000d5900000)
 ParOldGen       total 229888K, used 229647K [0x0000000080000000, 0x000000008e080000, 0x00000000d5580000)
  object space 229888K, 99% used [0x0000000080000000,0x000000008e043cd8,0x000000008e080000)
 Metaspace       used 78836K, committed 80384K, reserved 1179648K
  class space    used 8858K, committed 9536K, reserved 1048576K
}
Event: 2803.444 GC heap before
{Heap before GC invocations=291 (full 3):
 PSYoungGen      total 2048K, used 1952K [0x00000000d5580000, 0x00000000d5900000, 0x0000000100000000)
  eden space 1536K, 100% used [0x00000000d5580000,0x00000000d5700000,0x00000000d5700000)
  from space 512K, 81% used [0x00000000d5800000,0x00000000d5868000,0x00000000d5880000)
  to   space 512K, 0% used [0x00000000d5880000,0x00000000d5880000,0x00000000d5900000)
 ParOldGen       total 229888K, used 229647K [0x0000000080000000, 0x000000008e080000, 0x00000000d5580000)
  object space 229888K, 99% used [0x0000000080000000,0x000000008e043cd8,0x000000008e080000)
 Metaspace       used 78836K, committed 80384K, reserved 1179648K
  class space    used 8858K, committed 9536K, reserved 1048576K
}
Event: 2803.445 GC heap after
{Heap after GC invocations=291 (full 3):
 PSYoungGen      total 2048K, used 320K [0x00000000d5580000, 0x00000000d5900000, 0x0000000100000000)
  eden space 1536K, 0% used [0x00000000d5580000,0x00000000d5580000,0x00000000d5700000)
  from space 512K, 62% used [0x00000000d5880000,0x00000000d58d0000,0x00000000d5900000)
  to   space 512K, 0% used [0x00000000d5800000,0x00000000d5800000,0x00000000d5880000)
 ParOldGen       total 230400K, used 229911K [0x0000000080000000, 0x000000008e100000, 0x00000000d5580000)
  object space 230400K, 99% used [0x0000000080000000,0x000000008e085cd8,0x000000008e100000)
 Metaspace       used 78836K, committed 80384K, reserved 1179648K
  class space    used 8858K, committed 9536K, reserved 1048576K
}
Event: 2803.462 GC heap before
{Heap before GC invocations=292 (full 3):
 PSYoungGen      total 2048K, used 1856K [0x00000000d5580000, 0x00000000d5900000, 0x0000000100000000)
  eden space 1536K, 100% used [0x00000000d5580000,0x00000000d5700000,0x00000000d5700000)
  from space 512K, 62% used [0x00000000d5880000,0x00000000d58d0000,0x00000000d5900000)
  to   space 512K, 0% used [0x00000000d5800000,0x00000000d5800000,0x00000000d5880000)
 ParOldGen       total 230400K, used 229911K [0x0000000080000000, 0x000000008e100000, 0x00000000d5580000)
  object space 230400K, 99% used [0x0000000080000000,0x000000008e085cd8,0x000000008e100000)
 Metaspace       used 78836K, committed 80384K, reserved 1179648K
  class space    used 8858K, committed 9536K, reserved 1048576K
}
Event: 2803.463 GC heap after
{Heap after GC invocations=292 (full 3):
 PSYoungGen      total 2048K, used 288K [0x00000000d5580000, 0x00000000d5900000, 0x0000000100000000)
  eden space 1536K, 0% used [0x00000000d5580000,0x00000000d5580000,0x00000000d5700000)
  from space 512K, 56% used [0x00000000d5800000,0x00000000d5848000,0x00000000d5880000)
  to   space 512K, 0% used [0x00000000d5880000,0x00000000d5880000,0x00000000d5900000)
 ParOldGen       total 230400K, used 230071K [0x0000000080000000, 0x000000008e100000, 0x00000000d5580000)
  object space 230400K, 99% used [0x0000000080000000,0x000000008e0adcd8,0x000000008e100000)
 Metaspace       used 78836K, committed 80384K, reserved 1179648K
  class space    used 8858K, committed 9536K, reserved 1048576K
}
Event: 2807.349 GC heap before
{Heap before GC invocations=293 (full 3):
 PSYoungGen      total 2048K, used 1824K [0x00000000d5580000, 0x00000000d5900000, 0x0000000100000000)
  eden space 1536K, 100% used [0x00000000d5580000,0x00000000d5700000,0x00000000d5700000)
  from space 512K, 56% used [0x00000000d5800000,0x00000000d5848000,0x00000000d5880000)
  to   space 512K, 0% used [0x00000000d5880000,0x00000000d5880000,0x00000000d5900000)
 ParOldGen       total 230400K, used 230071K [0x0000000080000000, 0x000000008e100000, 0x00000000d5580000)
  object space 230400K, 99% used [0x0000000080000000,0x000000008e0adcd8,0x000000008e100000)
 Metaspace       used 78855K, committed 80384K, reserved 1179648K
  class space    used 8858K, committed 9536K, reserved 1048576K
}
Event: 2807.351 GC heap after
{Heap after GC invocations=293 (full 3):
 PSYoungGen      total 2048K, used 288K [0x00000000d5580000, 0x00000000d5900000, 0x0000000100000000)
  eden space 1536K, 0% used [0x00000000d5580000,0x00000000d5580000,0x00000000d5700000)
  from space 512K, 56% used [0x00000000d5880000,0x00000000d58c8000,0x00000000d5900000)
  to   space 512K, 0% used [0x00000000d5800000,0x00000000d5800000,0x00000000d5880000)
 ParOldGen       total 230400K, used 230199K [0x0000000080000000, 0x000000008e100000, 0x00000000d5580000)
  object space 230400K, 99% used [0x0000000080000000,0x000000008e0cdcf8,0x000000008e100000)
 Metaspace       used 78855K, committed 80384K, reserved 1179648K
  class space    used 8858K, committed 9536K, reserved 1048576K
}

