# JRE version: OpenJDK Runtime Environment Temurin-21.0.9+10 (21.0.9+10) (build 21.0.9+10-LTS)
# Java VM: OpenJDK 64-Bit Server VM Temurin-21.0.9+10 (21.0.9+10-LTS, mixed mode, sharing, tiered, compressed oops, compressed class ptrs, parallel gc, windows-amd64)
GC Precious Log:
 CardTable entry size: 512
 CPUs: 8 total, 8 available
 Memory: 16145M
 Large Page Support: Disabled
 NUMA Support: Disabled
 Compressed Oops: Enabled (32-bit)
 Alignments: Space 512K, Generation 512K, Heap 2M
 Heap Min Capacity: 100M
 Heap Initial Capacity: 100M
 Heap Max Capacity: 2G
 Pre-touch: Disabled
 Parallel Workers: 8
Heap:
 PSYoungGen      total 7168K, used 3096K [0x00000000d5580000, 0x00000000d6280000, 0x0000000100000000)
  eden space 6144K, 41% used [0x00000000d5580000,0x00000000d57fba70,0x00000000d5b80000)
  from space 1024K, 54% used [0x00000000d6180000,0x00000000d620a910,0x00000000d6280000)
  to   space 1024K, 0% used [0x00000000d6080000,0x00000000d6080000,0x00000000d6180000)
 ParOldGen       total 1080320K, used 1079827K [0x0000000080000000, 0x00000000c1f00000, 0x00000000d5580000)
  object space 1080320K, 99% used [0x0000000080000000,0x00000000c1e84d20,0x00000000c1f00000)
 Metaspace       used 93904K, committed 95424K, reserved 1179648K
  class space    used 10122K, committed 10752K, reserved 1048576K
GC Heap History (20 events):
Event: 4612.928 GC heap before
{Heap before GC invocations=2592 (full 5):
 PSYoungGen      total 7168K, used 6974K [0x00000000d5580000, 0x00000000d5e00000, 0x0000000100000000)
  eden space 6144K, 99% used [0x00000000d5580000,0x00000000d5b7e670,0x00000000d5b80000)
  from space 1024K, 81% used [0x00000000d5d00000,0x00000000d5dd1210,0x00000000d5e00000)
  to   space 1024K, 0% used [0x00000000d5b80000,0x00000000d5b80000,0x00000000d5c80000)
 ParOldGen       total 1070592K, used 1070527K [0x0000000080000000, 0x00000000c1580000, 0x00000000d5580000)
  object space 1070592K, 99% used [0x0000000080000000,0x00000000c156fde0,0x00000000c1580000)
 Metaspace       used 93871K, committed 95296K, reserved 1179648K
  class space    used 10122K, committed 10752K, reserved 1048576K
}
Event: 4612.929 GC heap after
{Heap after GC invocations=2592 (full 5):
 PSYoungGen      total 7168K, used 288K [0x00000000d5580000, 0x00000000d5d80000, 0x0000000100000000)
  eden space 6144K, 0% used [0x00000000d5580000,0x00000000d5580000,0x00000000d5b80000)
  from space 1024K, 28% used [0x00000000d5b80000,0x00000000d5bc8000,0x00000000d5c80000)
  to   space 512K, 0% used [0x00000000d5d00000,0x00000000d5d00000,0x00000000d5d80000)
 ParOldGen       total 1071616K, used 1071212K [0x0000000080000000, 0x00000000c1680000, 0x00000000d5580000)
  object space 1071616K, 99% used [0x0000000080000000,0x00000000c161b030,0x00000000c1680000)
 Metaspace       used 93871K, committed 95296K, reserved 1179648K
  class space    used 10122K, committed 10752K, reserved 1048576K
}
Event: 4612.940 GC heap before
{Heap before GC invocations=2593 (full 5):
 PSYoungGen      total 7168K, used 6432K [0x00000000d5580000, 0x00000000d5d80000, 0x0000000100000000)
  eden space 6144K, 100% used [0x00000000d5580000,0x00000000d5b80000,0x00000000d5b80000)
  from space 1024K, 28% used [0x00000000d5b80000,0x00000000d5bc8000,0x00000000d5c80000)
  to   space 512K, 0% used [0x00000000d5d00000,0x00000000d5d00000,0x00000000d5d80000)
 ParOldGen       total 1071616K, used 1071212K [0x0000000080000000, 0x00000000c1680000, 0x00000000d5580000)
  object space 1071616K, 99% used [0x0000000080000000,0x00000000c161b030,0x00000000c1680000)
 Metaspace       used 93871K, committed 95360K, reserved 1179648K
  class space    used 10122K, committed 10752K, reserved 1048576K
}
Event: 4612.941 GC heap after
{Heap after GC invocations=2593 (full 5):
 PSYoungGen      total 6656K, used 506K [0x00000000d5580000, 0x00000000d5d80000, 0x0000000100000000)
  eden space 6144K, 0% used [0x00000000d5580000,0x00000000d5580000,0x00000000d5b80000)
  from space 512K, 98% used [0x00000000d5d00000,0x00000000d5d7e900,0x00000000d5d80000)
  to   space 1024K, 0% used [0x00000000d5b80000,0x00000000d5b80000,0x00000000d5c80000)
 ParOldGen       total 1071616K, used 1071500K [0x0000000080000000, 0x00000000c1680000, 0x00000000d5580000)
  object space 1071616K, 99% used [0x0000000080000000,0x00000000c1663050,0x00000000c1680000)
 Metaspace       used 93871K, committed 95360K, reserved 1179648K
  class space    used 10122K, committed 10752K, reserved 1048576K
}
Event: 4613.339 GC heap before
{Heap before GC invocations=2594 (full 5):
 PSYoungGen      total 6656K, used 6650K [0x00000000d5580000, 0x00000000d5d80000, 0x0000000100000000)
  eden space 6144K, 100% used [0x00000000d5580000,0x00000000d5b80000,0x00000000d5b80000)
  from space 512K, 98% used [0x00000000d5d00000,0x00000000d5d7e900,0x00000000d5d80000)
  to   space 1024K, 0% used [0x00000000d5b80000,0x00000000d5b80000,0x00000000d5c80000)
 ParOldGen       total 1071616K, used 1071500K [0x0000000080000000, 0x00000000c1680000, 0x00000000d5580000)
  object space 1071616K, 99% used [0x0000000080000000,0x00000000c1663050,0x00000000c1680000)
 Metaspace       used 93872K, committed 95360K, reserved 1179648K
  class space    used 10122K, committed 10752K, reserved 1048576K
}
Event: 4613.342 GC heap after
{Heap after GC invocations=2594 (full 5):
 PSYoungGen      total 7168K, used 698K [0x00000000d5580000, 0x00000000d5d80000, 0x0000000100000000)
  eden space 6144K, 0% used [0x00000000d5580000,0x00000000d5580000,0x00000000d5b80000)
  from space 1024K, 68% used [0x00000000d5b80000,0x00000000d5c2e900,0x00000000d5c80000)
  to   space 1024K, 0% used [0x00000000d5c80000,0x00000000d5c80000,0x00000000d5d80000)
 ParOldGen       total 1072128K, used 1072000K [0x0000000080000000, 0x00000000c1700000, 0x00000000d5580000)
  object space 1072128K, 99% used [0x0000000080000000,0x00000000c16e0260,0x00000000c1700000)
 Metaspace       used 93872K, committed 95360K, reserved 1179648K
  class space    used 10122K, committed 10752K, reserved 1048576K
}
Event: 4613.350 GC heap before
{Heap before GC invocations=2595 (full 5):
 PSYoungGen      total 7168K, used 6842K [0x00000000d5580000, 0x00000000d5d80000, 0x0000000100000000)
  eden space 6144K, 100% used [0x00000000d5580000,0x00000000d5b80000,0x00000000d5b80000)
  from space 1024K, 68% used [0x00000000d5b80000,0x00000000d5c2e900,0x00000000d5c80000)
  to   space 1024K, 0% used [0x00000000d5c80000,0x00000000d5c80000,0x00000000d5d80000)
 ParOldGen       total 1072128K, used 1072000K [0x0000000080000000, 0x00000000c1700000, 0x00000000d5580000)
  object space 1072128K, 99% used [0x0000000080000000,0x00000000c16e0260,0x00000000c1700000)
 Metaspace       used 93872K, committed 95360K, reserved 1179648K
  class space    used 10122K, committed 10752K, reserved 1048576K
}
Event: 4613.353 GC heap after
{Heap after GC invocations=2595 (full 5):
 PSYoungGen      total 7168K, used 804K [0x00000000d5580000, 0x00000000d5d80000, 0x0000000100000000)
  eden space 6144K, 0% used [0x00000000d5580000,0x00000000d5580000,0x00000000d5b80000)
  from space 1024K, 78% used [0x00000000d5c80000,0x00000000d5d49210,0x00000000d5d80000)
  to   space 1024K, 0% used [0x00000000d5b80000,0x00000000d5b80000,0x00000000d5c80000)
 ParOldGen       total 1072640K, used 1072597K [0x0000000080000000, 0x00000000c1780000, 0x00000000d5580000)
  object space 1072640K, 99% used [0x0000000080000000,0x00000000c1775470,0x00000000c1780000)
 Metaspace       used 93872K, committed 95360K, reserved 1179648K
  class space    used 10122K, committed 10752K, reserved 1048576K
}
Event: 4778.590 GC heap before
{Heap before GC invocations=2596 (full 5):
 PSYoungGen      total 7168K, used 6948K [0x00000000d5580000, 0x00000000d5d80000, 0x0000000100000000)
  eden space 6144K, 100% used [0x00000000d5580000,0x00000000d5b80000,0x00000000d5b80000)
  from space 1024K, 78% used [0x00000000d5c80000,0x00000000d5d49210,0x00000000d5d80000)
  to   space 1024K, 0% used [0x00000000d5b80000,0x00000000d5b80000,0x00000000d5c80000)
 ParOldGen       total 1072640K, used 1072597K [0x0000000080000000, 0x00000000c1780000, 0x00000000d5580000)
  object space 1072640K, 99% used [0x0000000080000000,0x00000000c1775470,0x00000000c1780000)
 Metaspace       used 93891K, committed 95424K, reserved 1179648K
  class space    used 10122K, committed 10752K, reserved 1048576K
}
Event: 4778.595 GC heap after
{Heap after GC invocations=2596 (full 5):
 PSYoungGen      total 7168K, used 564K [0x00000000d5580000, 0x00000000d5d80000, 0x0000000100000000)
  eden space 6144K, 0% used [0x00000000d5580000,0x00000000d5580000,0x00000000d5b80000)
  from space 1024K, 55% used [0x00000000d5b80000,0x00000000d5c0d200,0x00000000d5c80000)
  to   space 1024K, 0% used [0x00000000d5c80000,0x00000000d5c80000,0x00000000d5d80000)
 ParOldGen       total 1073664K, used 1073345K [0x0000000080000000, 0x00000000c1880000, 0x00000000d5580000)
  object space 1073664K, 99% used [0x0000000080000000,0x00000000c18306a0,0x00000000c1880000)
 Metaspace       used 93891K, committed 95424K, reserved 1179648K
  class space    used 10122K, committed 10752K, reserved 1048576K
}
Event: 4778.761 GC heap before
{Heap before GC invocations=2597 (full 5):
 PSYoungGen      total 7168K, used 6708K [0x00000000d5580000, 0x00000000d5d80000, 0x0000000100000000)
  eden space 6144K, 100% used [0x00000000d5580000,0x00000000d5b80000,0x00000000d5b80000)
  from space 1024K, 55% used [0x00000000d5b80000,0x00000000d5c0d200,0x00000000d5c80000)
  to   space 1024K, 0% used [0x00000000d5c80000,0x00000000d5c80000,0x00000000d5d80000)
 ParOldGen       total 1073664K, used 1073345K [0x0000000080000000, 0x00000000c1880000, 0x00000000d5580000)
  object space 1073664K, 99% used [0x0000000080000000,0x00000000c18306a0,0x00000000c1880000)
 Metaspace       used 93898K, committed 95424K, reserved 1179648K
  class space    used 10122K, committed 10752K, reserved 1048576K
}
Event: 4778.763 GC heap after
{Heap after GC invocations=2597 (full 5):
 PSYoungGen      total 7168K, used 730K [0x00000000d5580000, 0x00000000d5d80000, 0x0000000100000000)
  eden space 6144K, 0% used [0x00000000d5580000,0x00000000d5580000,0x00000000d5b80000)
  from space 1024K, 71% used [0x00000000d5c80000,0x00000000d5d36900,0x00000000d5d80000)
  to   space 1024K, 0% used [0x00000000d5b80000,0x00000000d5b80000,0x00000000d5c80000)
 ParOldGen       total 1073664K, used 1073646K [0x0000000080000000, 0x00000000c1880000, 0x00000000d5580000)
  object space 1073664K, 99% used [0x0000000080000000,0x00000000c187b8c0,0x00000000c1880000)
 Metaspace       used 93898K, committed 95424K, reserved 1179648K
  class space    used 10122K, committed 10752K, reserved 1048576K
}
Event: 4778.785 GC heap before
{Heap before GC invocations=2598 (full 5):
 PSYoungGen      total 7168K, used 6874K [0x00000000d5580000, 0x00000000d5d80000, 0x0000000100000000)
  eden space 6144K, 100% used [0x00000000d5580000,0x00000000d5b80000,0x00000000d5b80000)
  from space 1024K, 71% used [0x00000000d5c80000,0x00000000d5d36900,0x00000000d5d80000)
  to   space 1024K, 0% used [0x00000000d5b80000,0x00000000d5b80000,0x00000000d5c80000)
 ParOldGen       total 1073664K, used 1073646K [0x0000000080000000, 0x00000000c1880000, 0x00000000d5580000)
  object space 1073664K, 99% used [0x0000000080000000,0x00000000c187b8c0,0x00000000c1880000)
 Metaspace       used 93900K, committed 95424K, reserved 1179648K
  class space    used 10122K, committed 10752K, reserved 1048576K
}
Event: 4778.788 GC heap after
{Heap after GC invocations=2598 (full 5):
 PSYoungGen      total 7168K, used 1009K [0x00000000d5580000, 0x00000000d6980000, 0x0000000100000000)
  eden space 6144K, 0% used [0x00000000d5580000,0x00000000d5580000,0x00000000d5b80000)
  from space 1024K, 98% used [0x00000000d5b80000,0x00000000d5c7c420,0x00000000d5c80000)
  to   space 7168K, 0% used [0x00000000d6280000,0x00000000d6280000,0x00000000d6980000)
 ParOldGen       total 1078784K, used 1078554K [0x0000000080000000, 0x00000000c1d80000, 0x00000000d5580000)
  object space 1078784K, 99% used [0x0000000080000000,0x00000000c1d46af0,0x00000000c1d80000)
 Metaspace       used 93900K, committed 95424K, reserved 1179648K
  class space    used 10122K, committed 10752K, reserved 1048576K
}
Event: 4778.799 GC heap before
{Heap before GC invocations=2599 (full 5):
 PSYoungGen      total 7168K, used 7153K [0x00000000d5580000, 0x00000000d6980000, 0x0000000100000000)
  eden space 6144K, 100% used [0x00000000d5580000,0x00000000d5b80000,0x00000000d5b80000)
  from space 1024K, 98% used [0x00000000d5b80000,0x00000000d5c7c420,0x00000000d5c80000)
  to   space 7168K, 0% used [0x00000000d6280000,0x00000000d6280000,0x00000000d6980000)
 ParOldGen       total 1078784K, used 1078554K [0x0000000080000000, 0x00000000c1d80000, 0x00000000d5580000)
  object space 1078784K, 99% used [0x0000000080000000,0x00000000c1d46af0,0x00000000c1d80000)
 Metaspace       used 93901K, committed 95424K, reserved 1179648K
  class space    used 10122K, committed 10752K, reserved 1048576K
}
Event: 4778.800 GC heap after
{Heap after GC invocations=2599 (full 5):
 PSYoungGen      total 7168K, used 762K [0x00000000d5580000, 0x00000000d6380000, 0x0000000100000000)
  eden space 6144K, 0% used [0x00000000d5580000,0x00000000d5580000,0x00000000d5b80000)
  from space 1024K, 74% used [0x00000000d6280000,0x00000000d633e900,0x00000000d6380000)
  to   space 3072K, 0% used [0x00000000d5d80000,0x00000000d5d80000,0x00000000d6080000)
 ParOldGen       total 1078784K, used 1078610K [0x0000000080000000, 0x00000000c1d80000, 0x00000000d5580000)
  object space 1078784K, 99% used [0x0000000080000000,0x00000000c1d54af0,0x00000000c1d80000)
 Metaspace       used 93901K, committed 95424K, reserved 1179648K
  class space    used 10122K, committed 10752K, reserved 1048576K
}
Event: 4779.039 GC heap before
{Heap before GC invocations=2600 (full 5):
 PSYoungGen      total 7168K, used 6906K [0x00000000d5580000, 0x00000000d6380000, 0x0000000100000000)
  eden space 6144K, 100% used [0x00000000d5580000,0x00000000d5b80000,0x00000000d5b80000)
  from space 1024K, 74% used [0x00000000d6280000,0x00000000d633e900,0x00000000d6380000)
  to   space 3072K, 0% used [0x00000000d5d80000,0x00000000d5d80000,0x00000000d6080000)
 ParOldGen       total 1078784K, used 1078610K [0x0000000080000000, 0x00000000c1d80000, 0x00000000d5580000)
  object space 1078784K, 99% used [0x0000000080000000,0x00000000c1d54af0,0x00000000c1d80000)
 Metaspace       used 93904K, committed 95424K, reserved 1179648K
  class space    used 10122K, committed 10752K, reserved 1048576K
}
Event: 4779.042 GC heap after
{Heap after GC invocations=2600 (full 5):
 PSYoungGen      total 9216K, used 852K [0x00000000d5580000, 0x00000000d6300000, 0x0000000100000000)
  eden space 6144K, 0% used [0x00000000d5580000,0x00000000d5580000,0x00000000d5b80000)
  from space 3072K, 27% used [0x00000000d5d80000,0x00000000d5e55200,0x00000000d6080000)
  to   space 1536K, 0% used [0x00000000d6180000,0x00000000d6180000,0x00000000d6300000)
 ParOldGen       total 1079296K, used 1079235K [0x0000000080000000, 0x00000000c1e00000, 0x00000000d5580000)
  object space 1079296K, 99% used [0x0000000080000000,0x00000000c1df0d00,0x00000000c1e00000)
 Metaspace       used 93904K, committed 95424K, reserved 1179648K
  class space    used 10122K, committed 10752K, reserved 1048576K
}
Event: 4779.049 GC heap before
{Heap before GC invocations=2601 (full 5):
 PSYoungGen      total 9216K, used 6996K [0x00000000d5580000, 0x00000000d6300000, 0x0000000100000000)
  eden space 6144K, 100% used [0x00000000d5580000,0x00000000d5b80000,0x00000000d5b80000)
  from space 3072K, 27% used [0x00000000d5d80000,0x00000000d5e55200,0x00000000d6080000)
  to   space 1536K, 0% used [0x00000000d6180000,0x00000000d6180000,0x00000000d6300000)
 ParOldGen       total 1079296K, used 1079235K [0x0000000080000000, 0x00000000c1e00000, 0x00000000d5580000)
  object space 1079296K, 99% used [0x0000000080000000,0x00000000c1df0d00,0x00000000c1e00000)
 Metaspace       used 93904K, committed 95424K, reserved 1179648K
  class space    used 10122K, committed 10752K, reserved 1048576K
}
Event: 4779.051 GC heap after
{Heap after GC invocations=2601 (full 5):
 PSYoungGen      total 7168K, used 554K [0x00000000d5580000, 0x00000000d6280000, 0x0000000100000000)
  eden space 6144K, 0% used [0x00000000d5580000,0x00000000d5580000,0x00000000d5b80000)
  from space 1024K, 54% used [0x00000000d6180000,0x00000000d620a910,0x00000000d6280000)
  to   space 1024K, 0% used [0x00000000d6080000,0x00000000d6080000,0x00000000d6180000)
 ParOldGen       total 1080320K, used 1079827K [0x0000000080000000, 0x00000000c1f00000, 0x00000000d5580000)
  object space 1080320K, 99% used [0x0000000080000000,0x00000000c1e84d20,0x00000000c1f00000)
 Metaspace       used 93904K, committed 95424K, reserved 1179648K
  class space    used 10122K, committed 10752K, reserved 1048576K
}

